# JRE version: OpenJDK Runtime Environment (8.0_212-b04) (build 1.8.0_212-release-1586-b04)
# Java VM: OpenJDK 64-Bit Server VM (25.212-b04 mixed mode windows-amd64 compressed oops)
Heap:
 PSYoungGen      total 477696K, used 48909K [0x00000000e0000000, 0x0000000100000000, 0x0000000100000000)
  eden space 431104K, 4% used [0x00000000e0000000,0x00000000e12050e8,0x00000000fa500000)
  from space 46592K, 65% used [0x00000000fa500000,0x00000000fc2be668,0x00000000fd280000)
  to   space 45568K, 0% used [0x00000000fd380000,0x00000000fd380000,0x0000000100000000)
 ParOldGen       total 170496K, used 106838K [0x00000000a0000000, 0x00000000aa680000, 0x00000000e0000000)
  object space 170496K, 62% used [0x00000000a0000000,0x00000000a6855920,0x00000000aa680000)
 Metaspace       used 129051K, capacity 136160K, committed 136472K, reserved 1167360K
  class space    used 16427K, capacity 17805K, committed 17944K, reserved 1048576K
GC Heap History (10 events):
Event: 634.048 GC heap before
{Heap before GC invocations=35 (full 4):
 PSYoungGen      total 483328K, used 468451K [0x00000000e0000000, 0x0000000100000000, 0x0000000100000000)
  eden space 441856K, 100% used [0x00000000e0000000,0x00000000faf80000,0x00000000faf80000)
  from space 41472K, 64% used [0x00000000fd780000,0x00000000ff178eb0,0x0000000100000000)
  to   space 40960K, 0% used [0x00000000faf80000,0x00000000faf80000,0x00000000fd780000)
 ParOldGen       total 170496K, used 97728K [0x00000000a0000000, 0x00000000aa680000, 0x00000000e0000000)
  object space 170496K, 57% used [0x00000000a0000000,0x00000000a5f70158,0x00000000aa680000)
 Metaspace       used 127709K, capacity 134248K, committed 134424K, reserved 1165312K
  class space    used 16302K, capacity 17607K, committed 17688K, reserved 1048576K
Event: 634.133 GC heap after
Heap after GC invocations=35 (full 4):
 PSYoungGen      total 482816K, used 30520K [0x00000000e0000000, 0x0000000100000000, 0x0000000100000000)
  eden space 441856K, 0% used [0x00000000e0000000,0x00000000e0000000,0x00000000faf80000)
  from space 40960K, 74% used [0x00000000faf80000,0x00000000fcd4e0c8,0x00000000fd780000)
  to   space 41472K, 0% used [0x00000000fd780000,0x00000000fd780000,0x0000000100000000)
 ParOldGen       total 170496K, used 102309K [0x00000000a0000000, 0x00000000aa680000, 0x00000000e0000000)
  object space 170496K, 60% used [0x00000000a0000000,0x00000000a63e9778,0x00000000aa680000)
 Metaspace       used 127709K, capacity 134248K, committed 134424K, reserved 1165312K
  class space    used 16302K, capacity 17607K, committed 17688K, reserved 1048576K
}
Event: 635.779 GC heap before
{Heap before GC invocations=36 (full 4):
 PSYoungGen      total 482816K, used 472376K [0x00000000e0000000, 0x0000000100000000, 0x0000000100000000)
  eden space 441856K, 100% used [0x00000000e0000000,0x00000000faf80000,0x00000000faf80000)
  from space 40960K, 74% used [0x00000000faf80000,0x00000000fcd4e0c8,0x00000000fd780000)
  to   space 41472K, 0% used [0x00000000fd780000,0x00000000fd780000,0x0000000100000000)
 ParOldGen       total 170496K, used 102309K [0x00000000a0000000, 0x00000000aa680000, 0x00000000e0000000)
  object space 170496K, 60% used [0x00000000a0000000,0x00000000a63e9778,0x00000000aa680000)
 Metaspace       used 127732K, capacity 134264K, committed 134424K, reserved 1165312K
  class space    used 16303K, capacity 17609K, committed 17688K, reserved 1048576K
Event: 635.819 GC heap after
Heap after GC invocations=36 (full 4):
 PSYoungGen      total 480768K, used 24003K [0x00000000e0000000, 0x00000000ffd80000, 0x0000000100000000)
  eden space 441856K, 0% used [0x00000000e0000000,0x00000000e0000000,0x00000000faf80000)
  from space 38912K, 61% used [0x00000000fd780000,0x00000000feef0c58,0x00000000ffd80000)
  to   space 39936K, 0% used [0x00000000faf80000,0x00000000faf80000,0x00000000fd680000)
 ParOldGen       total 170496K, used 102485K [0x00000000a0000000, 0x00000000aa680000, 0x00000000e0000000)
  object space 170496K, 60% used [0x00000000a0000000,0x00000000a6415778,0x00000000aa680000)
 Metaspace       used 127732K, capacity 134264K, committed 134424K, reserved 1165312K
  class space    used 16303K, capacity 17609K, committed 17688K, reserved 1048576K
}
Event: 641.900 GC heap before
{Heap before GC invocations=37 (full 4):
 PSYoungGen      total 480768K, used 465859K [0x00000000e0000000, 0x00000000ffd80000, 0x0000000100000000)
  eden space 441856K, 100% used [0x00000000e0000000,0x00000000faf80000,0x00000000faf80000)
  from space 38912K, 61% used [0x00000000fd780000,0x00000000feef0c58,0x00000000ffd80000)
  to   space 39936K, 0% used [0x00000000faf80000,0x00000000faf80000,0x00000000fd680000)
 ParOldGen       total 170496K, used 102485K [0x00000000a0000000, 0x00000000aa680000, 0x00000000e0000000)
  object space 170496K, 60% used [0x00000000a0000000,0x00000000a6415778,0x00000000aa680000)
 Metaspace       used 127756K, capacity 134264K, committed 134424K, reserved 1165312K
  class space    used 16303K, capacity 17609K, committed 17688K, reserved 1048576K
Event: 641.992 GC heap after
Heap after GC invocations=37 (full 4):
 PSYoungGen      total 481792K, used 39934K [0x00000000e0000000, 0x0000000100000000, 0x0000000100000000)
  eden space 441856K, 0% used [0x00000000e0000000,0x00000000e0000000,0x00000000faf80000)
  from space 39936K, 99% used [0x00000000faf80000,0x00000000fd67fa78,0x00000000fd680000)
  to   space 42496K, 0% used [0x00000000fd680000,0x00000000fd680000,0x0000000100000000)
 ParOldGen       total 170496K, used 106413K [0x00000000a0000000, 0x00000000aa680000, 0x00000000e0000000)
  object space 170496K, 62% used [0x00000000a0000000,0x00000000a67eb5b0,0x00000000aa680000)
 Metaspace       used 127756K, capacity 134264K, committed 134424K, reserved 1165312K
  class space    used 16303K, capacity 17609K, committed 17688K, reserved 1048576K
}
Event: 5470.181 GC heap before
{Heap before GC invocations=38 (full 4):
 PSYoungGen      total 481792K, used 481790K [0x00000000e0000000, 0x0000000100000000, 0x0000000100000000)
  eden space 441856K, 100% used [0x00000000e0000000,0x00000000faf80000,0x00000000faf80000)
  from space 39936K, 99% used [0x00000000faf80000,0x00000000fd67fa78,0x00000000fd680000)
  to   space 42496K, 0% used [0x00000000fd680000,0x00000000fd680000,0x0000000100000000)
 ParOldGen       total 170496K, used 106413K [0x00000000a0000000, 0x00000000aa680000, 0x00000000e0000000)
  object space 170496K, 62% used [0x00000000a0000000,0x00000000a67eb5b0,0x00000000aa680000)
 Metaspace       used 128297K, capacity 135086K, committed 135320K, reserved 1167360K
  class space    used 16343K, capacity 17680K, committed 17816K, reserved 1048576K
Event: 5470.510 GC heap after
Heap after GC invocations=38 (full 4):
 PSYoungGen      total 473600K, used 33821K [0x00000000e0000000, 0x0000000100000000, 0x0000000100000000)
  eden space 431104K, 0% used [0x00000000e0000000,0x00000000e0000000,0x00000000fa500000)
  from space 42496K, 79% used [0x00000000fd680000,0x00000000ff787488,0x0000000100000000)
  to   space 46592K, 0% used [0x00000000fa500000,0x00000000fa500000,0x00000000fd280000)
 ParOldGen       total 170496K, used 106830K [0x00000000a0000000, 0x00000000aa680000, 0x00000000e0000000)
  object space 170496K, 62% used [0x00000000a0000000,0x00000000a6853920,0x00000000aa680000)
 Metaspace       used 128297K, capacity 135086K, committed 135320K, reserved 1167360K
  class space    used 16343K, capacity 17680K, committed 17816K, reserved 1048576K
}
Event: 6730.709 GC heap before
{Heap before GC invocations=39 (full 4):
 PSYoungGen      total 473600K, used 464925K [0x00000000e0000000, 0x0000000100000000, 0x0000000100000000)
  eden space 431104K, 100% used [0x00000000e0000000,0x00000000fa500000,0x00000000fa500000)
  from space 42496K, 79% used [0x00000000fd680000,0x00000000ff787488,0x0000000100000000)
  to   space 46592K, 0% used [0x00000000fa500000,0x00000000fa500000,0x00000000fd280000)
 ParOldGen       total 170496K, used 106830K [0x00000000a0000000, 0x00000000aa680000, 0x00000000e0000000)
  object space 170496K, 62% used [0x00000000a0000000,0x00000000a6853920,0x00000000aa680000)
 Metaspace       used 129013K, capacity 136064K, committed 136344K, reserved 1167360K
  class space    used 16418K, capacity 17789K, committed 17816K, reserved 1048576K
Event: 6730.821 GC heap after
Heap after GC invocations=39 (full 4):
 PSYoungGen      total 477696K, used 30457K [0x00000000e0000000, 0x0000000100000000, 0x0000000100000000)
  eden space 431104K, 0% used [0x00000000e0000000,0x00000000e0000000,0x00000000fa500000)
  from space 46592K, 65% used [0x00000000fa500000,0x00000000fc2be668,0x00000000fd280000)
  to   space 45568K, 0% used [0x00000000fd380000,0x00000000fd380000,0x0000000100000000)
 ParOldGen       total 170496K, used 106838K [0x00000000a0000000, 0x00000000aa680000, 0x00000000e0000000)
  object space 170496K, 62% used [0x00000000a0000000,0x00000000a6855920,0x00000000aa680000)
 Metaspace       used 129013K, capacity 136064K, committed 136344K, reserved 1167360K
  class space    used 16418K, capacity 17789K, committed 17816K, reserved 1048576K
}

